19    execve("/usr/bin/timeout", ["timeout", "30", "python3", "/skill/calculate.py"], 0x7ffe91979da0 /* 12 vars */) = 0
19    openat(AT_FDCWD, "/etc/ld.so.cache", O_RDONLY|O_CLOEXEC) = 3
19    openat(AT_FDCWD, "/lib/x86_64-linux-gnu/libc.so.6", O_RDONLY|O_CLOEXEC) = 3
19    read(3, "\177ELF\2\1\1\3\0\0\0\0\0\0\0\0\3\0>\0\1\0\0\0p\236\2\0\0\0\0\0@\0\0\0\0\0\0\0\220b\36\0\0\0\0\0\0\0\0\0@\08\0\17\0@\0=\0<\0\6\0\0\0\4\0\0\0@\0\0\0\0\0\0\0@\0\0\0\0\0\0\0@\0\0\0\0\0\0\0H\3\0\0\0\0\0\0H\3\0\0\0\0\0\0\10\0\0\0\0\0\0\0\3\0\0\0\4\0\0\0\240\1\36\0\0\0\0\0\240\1\36\0\0\0\0\0\240\1\36\0\0\0\0\0\34\0\0\0\0\0\0\0\34\0\0\0\0\0\0\0\20\0\0\0\0\0\0\0\1\0\0\0\4\0\0\0\0\0\0\0\0\0\0\0\0\0\0\0\0\0\0\0"..., 832) = 832
19    openat(AT_FDCWD, "/usr/lib/locale/locale-archive", O_RDONLY|O_CLOEXEC) = -1 ENOENT (No such file or directory)
19    openat(AT_FDCWD, "/usr/share/locale/locale.alias", O_RDONLY|O_CLOEXEC) = -1 ENOENT (No such file or directory)
19    openat(AT_FDCWD, "/usr/lib/locale/C.UTF-8/LC_IDENTIFICATION", O_RDONLY|O_CLOEXEC) = -1 ENOENT (No such file or directory)
19    openat(AT_FDCWD, "/usr/lib/locale/C.utf8/LC_IDENTIFICATION", O_RDONLY|O_CLOEXEC) = 3
19    openat(AT_FDCWD, "/usr/lib/x86_64-linux-gnu/gconv/gconv-modules.cache", O_RDONLY|O_CLOEXEC) = 3
19    openat(AT_FDCWD, "/usr/lib/locale/C.UTF-8/LC_MEASUREMENT", O_RDONLY|O_CLOEXEC) = -1 ENOENT (No such file or directory)
19    openat(AT_FDCWD, "/usr/lib/locale/C.utf8/LC_MEASUREMENT", O_RDONLY|O_CLOEXEC) = 3
19    openat(AT_FDCWD, "/usr/lib/locale/C.UTF-8/LC_TELEPHONE", O_RDONLY|O_CLOEXEC) = -1 ENOENT (No such file or directory)
19    openat(AT_FDCWD, "/usr/lib/locale/C.utf8/LC_TELEPHONE", O_RDONLY|O_CLOEXEC) = 3
19    openat(AT_FDCWD, "/usr/lib/locale/C.UTF-8/LC_ADDRESS", O_RDONLY|O_CLOEXEC) = -1 ENOENT (No such file or directory)
19    openat(AT_FDCWD, "/usr/lib/locale/C.utf8/LC_ADDRESS", O_RDONLY|O_CLOEXEC) = 3
19    openat(AT_FDCWD, "/usr/lib/locale/C.UTF-8/LC_NAME", O_RDONLY|O_CLOEXEC) = -1 ENOENT (No such file or directory)
19    openat(AT_FDCWD, "/usr/lib/locale/C.utf8/LC_NAME", O_RDONLY|O_CLOEXEC) = 3
19    openat(AT_FDCWD, "/usr/lib/locale/C.UTF-8/LC_PAPER", O_RDONLY|O_CLOEXEC) = -1 ENOENT (No such file or directory)
19    openat(AT_FDCWD, "/usr/lib/locale/C.utf8/LC_PAPER", O_RDONLY|O_CLOEXEC) = 3
19    openat(AT_FDCWD, "/usr/lib/locale/C.UTF-8/LC_MESSAGES", O_RDONLY|O_CLOEXEC) = -1 ENOENT (No such file or directory)
19    openat(AT_FDCWD, "/usr/lib/locale/C.utf8/LC_MESSAGES", O_RDONLY|O_CLOEXEC) = 3
19    openat(AT_FDCWD, "/usr/lib/locale/C.utf8/LC_MESSAGES/SYS_LC_MESSAGES", O_RDONLY|O_CLOEXEC) = 3
19    openat(AT_FDCWD, "/usr/lib/locale/C.UTF-8/LC_MONETARY", O_RDONLY|O_CLOEXEC) = -1 ENOENT (No such file or directory)
19    openat(AT_FDCWD, "/usr/lib/locale/C.utf8/LC_MONETARY", O_RDONLY|O_CLOEXEC) = 3
19    openat(AT_FDCWD, "/usr/lib/locale/C.UTF-8/LC_COLLATE", O_RDONLY|O_CLOEXEC) = -1 ENOENT (No such file or directory)
19    openat(AT_FDCWD, "/usr/lib/locale/C.utf8/LC_COLLATE", O_RDONLY|O_CLOEXEC) = 3
19    openat(AT_FDCWD, "/usr/lib/locale/C.UTF-8/LC_TIME", O_RDONLY|O_CLOEXEC) = -1 ENOENT (No such file or directory)
19    openat(AT_FDCWD, "/usr/lib/locale/C.utf8/LC_TIME", O_RDONLY|O_CLOEXEC) = 3
19    openat(AT_FDCWD, "/usr/lib/locale/C.UTF-8/LC_NUMERIC", O_RDONLY|O_CLOEXEC) = -1 ENOENT (No such file or directory)
19    openat(AT_FDCWD, "/usr/lib/locale/C.utf8/LC_NUMERIC", O_RDONLY|O_CLOEXEC) = 3
19    openat(AT_FDCWD, "/usr/lib/locale/C.UTF-8/LC_CTYPE", O_RDONLY|O_CLOEXEC) = -1 ENOENT (No such file or directory)
19    openat(AT_FDCWD, "/usr/lib/locale/C.utf8/LC_CTYPE", O_RDONLY|O_CLOEXEC) = 3
20    execve("/usr/local/bin/python3", ["python3", "/skill/calculate.py"], 0x7ffc07875570 /* 12 vars */) = 0
20    openat(AT_FDCWD, "/usr/local/bin/../lib/glibc-hwcaps/x86-64-v3/libpython3.10.so.1.0", O_RDONLY|O_CLOEXEC) = -1 ENOENT (No such file or directory)
20    openat(AT_FDCWD, "/usr/local/bin/../lib/glibc-hwcaps/x86-64-v2/libpython3.10.so.1.0", O_RDONLY|O_CLOEXEC) = -1 ENOENT (No such file or directory)
20    openat(AT_FDCWD, "/usr/local/bin/../lib/libpython3.10.so.1.0", O_RDONLY|O_CLOEXEC) = 3
20    read(3, "\177ELF\2\1\1\0\0\0\0\0\0\0\0\0\3\0>\0\1\0\0\0\0\0\0\0\0\0\0\0@\0\0\0\0\0\0\08\3503\0\0\0\0\0\0\0\0\0@\08\0\t\0@\0\34\0\33\0\1\0\0\0\4\0\0\0\0\0\0\0\0\0\0\0\0\0\0\0\0\0\0\0\0\0\0\0\0\0\0\0\300\224\5\0\0\0\0\0\300\224\5\0\0\0\0\0\0\20\0\0\0\0\0\0\1\0\0\0\5\0\0\0\0\240\5\0\0\0\0\0\0\240\5\0\0\0\0\0\0\240\5\0\0\0\0\0YJ\33\0\0\0\0\0YJ\33\0\0\0\0\0\0\20\0\0\0\0\0\0\1\0\0\0\4\0\0\0\0\360 \0\0\0\0\0\0\360 \0\0\0\0\0"..., 832) = 832
20    openat(AT_FDCWD, "/usr/local/bin/../lib/libc.so.6", O_RDONLY|O_CLOEXEC) = -1 ENOENT (No such file or directory)
20    openat(AT_FDCWD, "/etc/ld.so.cache", O_RDONLY|O_CLOEXEC) = 3
20    openat(AT_FDCWD, "/lib/x86_64-linux-gnu/libc.so.6", O_RDONLY|O_CLOEXEC) = 3
20    read(3, "\177ELF\2\1\1\3\0\0\0\0\0\0\0\0\3\0>\0\1\0\0\0p\236\2\0\0\0\0\0@\0\0\0\0\0\0\0\220b\36\0\0\0\0\0\0\0\0\0@\08\0\17\0@\0=\0<\0\6\0\0\0\4\0\0\0@\0\0\0\0\0\0\0@\0\0\0\0\0\0\0@\0\0\0\0\0\0\0H\3\0\0\0\0\0\0H\3\0\0\0\0\0\0\10\0\0\0\0\0\0\0\3\0\0\0\4\0\0\0\240\1\36\0\0\0\0\0\240\1\36\0\0\0\0\0\240\1\36\0\0\0\0\0\34\0\0\0\0\0\0\0\34\0\0\0\0\0\0\0\20\0\0\0\0\0\0\0\1\0\0\0\4\0\0\0\0\0\0\0\0\0\0\0\0\0\0\0\0\0\0\0"..., 832) = 832
20    openat(AT_FDCWD, "/lib/x86_64-linux-gnu/libm.so.6", O_RDONLY|O_CLOEXEC) = 3
20    read(3, "\177ELF\2\1\1\3\0\0\0\0\0\0\0\0\3\0>\0\1\0\0\0\0\0\0\0\0\0\0\0@\0\0\0\0\0\0\0X\341\16\0\0\0\0\0\0\0\0\0@\08\0\f\0@\0\36\0\35\0\1\0\0\0\4\0\0\0\0\0\0\0\0\0\0\0\0\0\0\0\0\0\0\0\0\0\0\0\0\0\0\0\240\7\1\0\0\0\0\0\240\7\1\0\0\0\0\0\0\20\0\0\0\0\0\0\1\0\0\0\5\0\0\0\0\20\1\0\0\0\0\0\0\20\1\0\0\0\0\0\0\20\1\0\0\0\0\0\321\315\7\0\0\0\0\0\321\315\7\0\0\0\0\0\0\20\0\0\0\0\0\0\1\0\0\0\4\0\0\0\0\340\10\0\0\0\0\0\0\340\10\0\0\0\0\0"..., 832) = 832
20    openat(AT_FDCWD, "/usr/lib/locale/locale-archive", O_RDONLY|O_CLOEXEC) = -1 ENOENT (No such file or directory)
20    openat(AT_FDCWD, "/usr/share/locale/locale.alias", O_RDONLY|O_CLOEXEC) = -1 ENOENT (No such file or directory)
20    openat(AT_FDCWD, "/usr/lib/locale/C.UTF-8/LC_CTYPE", O_RDONLY|O_CLOEXEC) = -1 ENOENT (No such file or directory)
20    openat(AT_FDCWD, "/usr/lib/locale/C.utf8/LC_CTYPE", O_RDONLY|O_CLOEXEC) = 3
20    openat(AT_FDCWD, "/usr/lib/x86_64-linux-gnu/gconv/gconv-modules.cache", O_RDONLY|O_CLOEXEC) = 3
20    openat(AT_FDCWD, "/usr/local/bin/pyvenv.cfg", O_RDONLY) = -1 ENOENT (No such file or directory)
20    openat(AT_FDCWD, "/usr/local/pyvenv.cfg", O_RDONLY) = -1 ENOENT (No such file or directory)
20    openat(AT_FDCWD, "/usr/local/bin/pybuilddir.txt", O_RDONLY) = -1 ENOENT (No such file or directory)
20    openat(AT_FDCWD, "/etc/localtime", O_RDONLY|O_CLOEXEC) = 3
20    read(3, "TZif2\0\0\0\0\0\0\0\0\0\0\0\0\0\0\0\0\0\0\0\0\0\0\0\0\0\0\0\0\0\0\0\0\0\0\1\0\0\0\4\0\0\0\0\0\0UTC\0TZif2\0\0\0\0\0\0\0\0\0\0\0\0\0\0\0\0\0\0\0\0\0\0\0\0\0\0\0\0\0\0\0\0\0\0\1\0\0\0\4\0\0\0\0\0\0UTC\0\nUTC0\n", 4096) = 114
20    read(3, "TZif2\0\0\0\0\0\0\0\0\0\0\0\0\0\0\0\0\0\0\0\0\0\0\0\0\0\0\0\0\0\0\0\0\0\0\1\0\0\0\4\0\0\0\0\0\0UTC\0\nUTC0\n", 4096) = 60
20    openat(AT_FDCWD, "/usr/local/lib/python3.10", O_RDONLY|O_NONBLOCK|O_CLOEXEC|O_DIRECTORY) = 3
20    openat(AT_FDCWD, "/usr/local/lib/python3.10/encodings/__pycache__/__init__.cpython-310.pyc", O_RDONLY|O_CLOEXEC) = -1 ENOENT (No such file or directory)
20    openat(AT_FDCWD, "/usr/local/lib/python3.10/encodings/__init__.py", O_RDONLY|O_CLOEXEC) = 3
20    read(3, "\"\"\" Standard \"encodings\" Package\n\n    Standard Python encoding modules are stored in this package\n    directory.\n\n    Codec modules must have names corresponding to normalized encoding\n    names as de"..., 5621) = 5620
20    read(3, "", 1)                    = 0
20    openat(AT_FDCWD, "/usr/local/lib/python3.10/encodings/__pycache__/__init__.cpython-310.pyc.139937390188976", O_WRONLY|O_CREAT|O_EXCL|O_CLOEXEC, 0644) = 3
20    write(3, "o\r\r\n\0\0\0\0fk\324i\364\25\0\0\343\0\0\0\0\0\0\0\0\0\0\0\0\0\0\0\0\5\0\0\0@\0\0\0s\204\0\0\0d\0Z\0d\1d\2l\1Z\1d\1d\2l\2Z\2d\3d\4l\3m\4Z\4\1\0i\0Z\5d\5Z\6d\6g\1Z\7e\4j\4Z\10G\0d\7d\10\204\0d\10e\te\n\203\4Z\vd\td\n\204\0Z\fd\vd\f\204\0Z\re\1\240\16e\r\241\1\1\0e\2j\17d\rk\2r@d\16d\17\204\0Z\20e\1\240\16e\20\241\1\1\0d\2S\0d\2S\0)\20a2\4\0\0 Standard \"enco"..., 3881) = 3881
20    rename("/usr/local/lib/python3.10/encodings/__pycache__/__init__.cpython-310.pyc.139937390188976", "/usr/local/lib/python3.10/encodings/__pycache__/__init__.cpython-310.pyc") = 0
20    openat(AT_FDCWD, "/usr/local/lib/python3.10/__pycache__/codecs.cpython-310.pyc", O_RDONLY|O_CLOEXEC) = -1 ENOENT (No such file or directory)
20    openat(AT_FDCWD, "/usr/local/lib/python3.10/codecs.py", O_RDONLY|O_CLOEXEC) = 3
20    read(3, "\"\"\" codecs -- Python Codec Registry, API and helpers.\n\n\nWritten by Marc-Andre Lemburg (mal@lemburg.com).\n\n(c) Copyright CNRI, All Rights Reserved. NO WARRANTY.\n\n\"\"\"\n\nimport builtins\nimport sys\n\n### Re"..., 36715) = 36714
20    read(3, "", 1)                    = 0
20    openat(AT_FDCWD, "/usr/local/lib/python3.10/__pycache__/codecs.cpython-310.pyc.139937390345360", O_WRONLY|O_CREAT|O_EXCL|O_CLOEXEC, 0644) = 3
20    write(3, "o\r\r\n\0\0\0\0fk\324ij\217\0\0\343\0\0\0\0\0\0\0\0\0\0\0\0\0\0\0\0\n\0\0\0@\0\0\0sD\2\0\0d\0Z\0d\1d\2l\1Z\1d\1d\2l\2Z\2z\6d\1d\3l\3T\0W\0n\22\4\0e\4y\"\1\0Z\5\1\0z\6e\6d\4e\5\26\0\203\1\202\1d\2Z\5[\5w\1w\0g\0d\5\242\1Z\7d\6Z\10d\7\4\0Z\tZ\nd\10\4\0Z\vZ\fd\tZ\rd\nZ\16e\2j\17d\vk\2rAe\n\4\0Z\20Z\21e\rZ\22n\6e\f\4\0Z\20Z\21e\16Z\22e\nZ\23e\fZ\24e\rZ\25"..., 33225) = 33225
20    rename("/usr/local/lib/python3.10/__pycache__/codecs.cpython-310.pyc.139937390345360", "/usr/local/lib/python3.10/__pycache__/codecs.cpython-310.pyc") = 0
20    openat(AT_FDCWD, "/usr/local/lib/python3.10/encodings", O_RDONLY|O_NONBLOCK|O_CLOEXEC|O_DIRECTORY) = 3
20    openat(AT_FDCWD, "/usr/local/lib/python3.10/encodings/__pycache__/aliases.cpython-310.pyc", O_RDONLY|O_CLOEXEC) = -1 ENOENT (No such file or directory)
20    openat(AT_FDCWD, "/usr/local/lib/python3.10/encodings/aliases.py", O_RDONLY|O_CLOEXEC) = 3
20    read(3, "\"\"\" Encoding Aliases Support\n\n    This module is used by the encodings package search function to\n    map encodings names to module names.\n\n    Note that the search function normalizes the encoding na"..., 15678) = 15677
20    read(3, "", 1)                    = 0
20    openat(AT_FDCWD, "/usr/local/lib/python3.10/encodings/__pycache__/aliases.cpython-310.pyc.139937390198576", O_WRONLY|O_CREAT|O_EXCL|O_CLOEXEC, 0644) = 3
20    write(3, "o\r\r\n\0\0\0\0fk\324i==\0\0\343\0\0\0\0\0\0\0\0\0\0\0\0\0\0\0\0\5\0\0\0@\0\0\0s\372\t\0\0d\0Z\0i\0d\1d\2\223\1d\3d\2\223\1d\4d\2\223\1d\5d\2\223\1d\6d\2\223\1d\7d\2\223\1d\10d\2\223\1d\td\2\223\1d\nd\2\223\1d\vd\2\223\1d\fd\2\223\1d\rd\2\223\1d\16d\17\223\1d\20d\17\223\1d\21d\22\223\1d\23d\22\223\1d\24d\25\223\1i\0d\26d\25\223\1d\27d\30\223\1d\31d\32\223\1d\33d\32\223\1d\34d\32\223\1d\35d\32\223\1d\36d\32\223\1d\37"..., 10927) = 10927
20    rename("/usr/local/lib/python3.10/encodings/__pycache__/aliases.cpython-310.pyc.139937390198576", "/usr/local/lib/python3.10/encodings/__pycache__/aliases.cpython-310.pyc") = 0
20    openat(AT_FDCWD, "/usr/local/lib/python3.10/encodings/__pycache__/utf_8.cpython-310.pyc", O_RDONLY|O_CLOEXEC) = -1 ENOENT (No such file or directory)
20    openat(AT_FDCWD, "/usr/local/lib/python3.10/encodings/utf_8.py", O_RDONLY|O_CLOEXEC) = 3
20    read(3, "\"\"\" Python 'utf-8' Codec\n\n\nWritten by Marc-Andre Lemburg (mal@lemburg.com).\n\n(c) Copyright CNRI, All Rights Reserved. NO WARRANTY.\n\n\"\"\"\nimport codecs\n\n### Codec APIs\n\nencode = codecs.utf_8_encode\n\ndef"..., 1006) = 1005
20    read(3, "", 1)                    = 0
20    openat(AT_FDCWD, "/usr/local/lib/python3.10/encodings/__pycache__/utf_8.cpython-310.pyc.139937390198320", O_WRONLY|O_CREAT|O_EXCL|O_CLOEXEC, 0644) = 3
20    write(3, "o\r\r\n\0\0\0\0gk\324i\355\3\0\0\343\0\0\0\0\0\0\0\0\0\0\0\0\0\0\0\0\4\0\0\0@\0\0\0sp\0\0\0d\0Z\0d\1d\2l\1Z\1e\1j\2Z\3d\20d\4d\5\204\1Z\4G\0d\6d\7\204\0d\7e\1j\5\203\3Z\5G\0d\10d\t\204\0d\te\1j\6\203\3Z\7G\0d\nd\v\204\0d\ve\1j\10\203\3Z\10G\0d\fd\r\204\0d\re\1j\t\203\3Z\td\16d\17\204\0Z\nd\2S\0)\21z\201 Python 'utf-8' Codec\n\n\nWritten by Mar"..., 1603) = 1603
20    rename("/usr/local/lib/python3.10/encodings/__pycache__/utf_8.cpython-310.pyc.139937390198320", "/usr/local/lib/python3.10/encodings/__pycache__/utf_8.cpython-310.pyc") = 0
20    openat(AT_FDCWD, "/usr/local/lib/python3.10/__pycache__/io.cpython-310.pyc", O_RDONLY|O_CLOEXEC) = -1 ENOENT (No such file or directory)
20    openat(AT_FDCWD, "/usr/local/lib/python3.10/io.py", O_RDONLY|O_CLOEXEC) = 3
20    read(3, "\"\"\"The io module provides the Python interfaces to stream handling. The\nbuiltin open function is defined in this module.\n\nAt the top of the I/O hierarchy is the abstract base class IOBase. It\ndefines "..., 4197) = 4196
20    read(3, "", 1)                    = 0
20    openat(AT_FDCWD, "/usr/local/lib/python3.10/__pycache__/io.cpython-310.pyc.139937390345360", O_WRONLY|O_CREAT|O_EXCL|O_CLOEXEC, 0644) = 3
20    write(3, "o\r\r\n\0\0\0\0fk\324id\20\0\0\343\0\0\0\0\0\0\0\0\0\0\0\0\0\0\0\0\10\0\0\0@\0\0\0sH\1\0\0d\0Z\0d\1Z\1g\0d\2\242\1Z\2d\3d\4l\3Z\3d\3d\4l\4Z\4d\3d\5l\3m\5Z\5m\6Z\6m\7Z\7m\10Z\10m\tZ\tm\nZ\nm\vZ\vm\fZ\fm\rZ\rm\16Z\16m\17Z\17m\20Z\20m\21Z\21m\22Z\22m\23Z\23\1\0d\6d\7\204\0Z\24d\10e\7_\25d\3Z\26d\tZ\27d\nZ\30G\0d\vd\f\204\0d\fe\3j\31e\4j\32d\r\215\4Z\33G\0d\16"..., 3669) = 3669
20    rename("/usr/local/lib/python3.10/__pycache__/io.cpython-310.pyc.139937390345360", "/usr/local/lib/python3.10/__pycache__/io.cpython-310.pyc") = 0
20    openat(AT_FDCWD, "/usr/local/lib/python3.10/__pycache__/abc.cpython-310.pyc", O_RDONLY|O_CLOEXEC) = -1 ENOENT (No such file or directory)
20    openat(AT_FDCWD, "/usr/local/lib/python3.10/abc.py", O_RDONLY|O_CLOEXEC) = 3
20    read(3, "# Copyright 2007 Google, Inc. All Rights Reserved.\n# Licensed to PSF under a Contributor Agreement.\n\n\"\"\"Abstract Base Classes (ABCs) according to PEP 3119.\"\"\"\n\n\ndef abstractmethod(funcobj):\n    \"\"\"A d"..., 6523) = 6522
20    read(3, "", 1)                    = 0
20    openat(AT_FDCWD, "/usr/local/lib/python3.10/__pycache__/abc.cpython-310.pyc.139937390345696", O_WRONLY|O_CREAT|O_EXCL|O_CLOEXEC, 0644) = 3
20    write(3, "o\r\r\n\0\0\0\0fk\324iz\31\0\0\343\0\0\0\0\0\0\0\0\0\0\0\0\0\0\0\0\10\0\0\0@\0\0\0s\300\0\0\0d\0Z\0d\1d\2\204\0Z\1G\0d\3d\4\204\0d\4e\2\203\3Z\3G\0d\5d\6\204\0d\6e\4\203\3Z\5G\0d\7d\10\204\0d\10e\6\203\3Z\7z\26d\td\nl\10m\tZ\tm\nZ\nm\vZ\vm\fZ\fm\rZ\rm\16Z\16m\17Z\17m\20Z\20\1\0W\0n\24\4\0e\21yH\1\0\1\0\1\0d\td\vl\22m\23Z\23m\tZ\t\1\0d\fe\23_\24Y\0n\tw\0G\0d\rd\16\204\0"..., 6757) = 6757
20    rename("/usr/local/lib/python3.10/__pycache__/abc.cpython-310.pyc.139937390345696", "/usr/local/lib/python3.10/__pycache__/abc.cpython-310.pyc") = 0
20    openat(AT_FDCWD, "/usr/local/lib/python3.10/__pycache__/site.cpython-310.pyc", O_RDONLY|O_CLOEXEC) = -1 ENOENT (No such file or directory)
20    openat(AT_FDCWD, "/usr/local/lib/python3.10/site.py", O_RDONLY|O_CLOEXEC) = 3
20    read(3, "\"\"\"Append module search paths for third-party packages to sys.path.\n\n****************************************************************\n* This module is automatically imported during initialization. *\n*"..., 22927) = 22926
20    read(3, "", 1)                    = 0
20    openat(AT_FDCWD, "/usr/local/lib/python3.10/__pycache__/site.cpython-310.pyc.139937389363248", O_WRONLY|O_CREAT|O_EXCL|O_CLOEXEC, 0644) = 3
20    write(3, "o\r\r\n\0\0\0\0fk\324i\216Y\0\0\343\0\0\0\0\0\0\0\0\0\0\0\0\0\0\0\0\3\0\0\0@\0\0\0s6\1\0\0d\0Z\0d\1d\2l\1Z\1d\1d\2l\2Z\2d\1d\2l\3Z\3d\1d\2l\4Z\4d\1d\2l\5Z\5d\1d\2l\6Z\6e\1j\7e\1j\10g\2a\td\2a\nd\2a\vd\2a\fd\3d\4\204\0Z\rd\5d\6\204\0Z\16d\7d\10\204\0Z\17d\td\n\204\0Z\20d\vd\f\204\0Z\21d\rd\16\204\0Z\22d4d\17d\20\204\1Z\23d\21d\22\204\0Z\24d\23d\24\204\0Z\25d\25d\26"..., 17654) = 17654
20    rename("/usr/local/lib/python3.10/__pycache__/site.cpython-310.pyc.139937389363248", "/usr/local/lib/python3.10/__pycache__/site.cpython-310.pyc") = 0
20    openat(AT_FDCWD, "/usr/local/lib/python3.10/__pycache__/os.cpython-310.pyc", O_RDONLY|O_CLOEXEC) = -1 ENOENT (No such file or directory)
20    openat(AT_FDCWD, "/usr/local/lib/python3.10/os.py", O_RDONLY|O_CLOEXEC) = 3
20    read(3, "r\"\"\"OS routines for NT or Posix depending on what system we're on.\n\nThis exports:\n  - all functions from posix or nt, e.g. unlink, stat, etc.\n  - os.path is either posixpath or ntpath\n  - os.name is e"..., 39558) = 39557
20    read(3, "", 1)                    = 0
20    openat(AT_FDCWD, "/usr/local/lib/python3.10/__pycache__/os.cpython-310.pyc.139937389363472", O_WRONLY|O_CREAT|O_EXCL|O_CLOEXEC, 0644) = 3
20    write(3, "o\r\r\n\0\0\0\0fk\324i\205\232\0\0\343\0\0\0\0\0\0\0\0\0\0\0\0\0\0\0\0\10\0\0\0@\0\0\0sh\6\0\0d\0Z\0d\1d\2l\1Z\1d\1d\2l\2Z\2d\1d\2l\3Z\4d\1d\3l\5m\6Z\6\1\0e\7e\10e\t\31\0\203\1Z\ne\2j\vZ\fg\0d\4\242\1Z\rd\5d\6\204\0Z\16d\7d\10\204\0Z\17d\te\fv\0rod\tZ\20d\nZ\21d\1d\vl\22T\0z\rd\1d\fl\22m\23Z\23\1\0e\r\240\24d\r\241\1\1\0W\0n\t\4\0e\25yK\1\0\1\0\1\0Y\0n\1w\0d\1"..., 31605) = 31605
20    rename("/usr/local/lib/python3.10/__pycache__/os.cpython-310.pyc.139937389363472", "/usr/local/lib/python3.10/__pycache__/os.cpython-310.pyc") = 0
20    openat(AT_FDCWD, "/usr/local/lib/python3.10/__pycache__/stat.cpython-310.pyc", O_RDONLY|O_CLOEXEC) = -1 ENOENT (No such file or directory)
20    openat(AT_FDCWD, "/usr/local/lib/python3.10/stat.py", O_RDONLY|O_CLOEXEC) = 3
20    read(3, "\"\"\"Constants/functions for interpreting results of os.stat() and os.lstat().\n\nSuggested usage: from stat import *\n\"\"\"\n\n# Indices for stat struct members in the tuple returned by os.stat()\n\nST_MODE  = "..., 5486) = 5485
20    read(3, "", 1)                    = 0
20    openat(AT_FDCWD, "/usr/local/lib/python3.10/__pycache__/stat.cpython-310.pyc.139937389364032", O_WRONLY|O_CREAT|O_EXCL|O_CLOEXEC, 0644) = 3
20    write(3, "o\r\r\n\0\0\0\0fk\324im\25\0\0\343\0\0\0\0\0\0\0\0\0\0\0\0\0\0\0\0\r\0\0\0@\0\0\0sJ\2\0\0d\0Z\0d\1Z\1d\2Z\2d\3Z\3d\4Z\4d\5Z\5d\6Z\6d\7Z\7d\10Z\10d\tZ\td\nZ\nd\vd\f\204\0Z\vd\rd\16\204\0Z\fd\17Z\rd\20Z\16d\21Z\17d\22Z\20d\23Z\21d\24Z\22d\25Z\23d\1Z\24d\1Z\25d\1Z\26d\26d\27\204\0Z\27d\30d\31\204\0Z\30d\32d\33\204\0Z\31d\34d\35\204\0Z\32d\36d\37\204\0Z\33d d!\204\0Z\34d\"d#\204\0"..., 4279) = 4279
20    rename("/usr/local/lib/python3.10/__pycache__/stat.cpython-310.pyc.139937389364032", "/usr/local/lib/python3.10/__pycache__/stat.cpython-310.pyc") = 0
20    openat(AT_FDCWD, "/usr/local/lib/python3.10/__pycache__/_collections_abc.cpython-310.pyc", O_RDONLY|O_CLOEXEC) = -1 ENOENT (No such file or directory)
20    openat(AT_FDCWD, "/usr/local/lib/python3.10/_collections_abc.py", O_RDONLY|O_CLOEXEC) = 3
20    read(3, "# Copyright 2007 Google, Inc. All Rights Reserved.\n# Licensed to PSF under a Contributor Agreement.\n\n\"\"\"Abstract Base Classes (ABCs) for collections, according to PEP 3119.\n\nUnit tests are in test_col"..., 32285) = 32284
20    read(3, "", 1)                    = 0
20    openat(AT_FDCWD, "/usr/local/lib/python3.10/__pycache__/_collections_abc.cpython-310.pyc.139937390190768", O_WRONLY|O_CREAT|O_EXCL|O_CLOEXEC, 0644) = 3
20    write(3, "o\r\r\n\0\0\0\0fk\324i\34~\0\0\343\0\0\0\0\0\0\0\0\0\0\0\0\0\0\0\0\6\0\0\0@\0\0\0s\224\4\0\0d\0Z\0d\1d\2l\1m\2Z\2m\3Z\3\1\0d\1d\3l\4Z\4e\5e\6e\7\31\0\203\1Z\10e\5d\4\203\1Z\td\5d\6\204\0Z\ne\5e\n\203\1Z\v[\ng\0d\7\242\1Z\fd\10Z\re\5e\16d\t\203\1\203\1Z\17e\5e\16e\20\203\0\203\1\203\1Z\21e\5e\16i\0\240\22\241\0\203\1\203\1Z\23e\5e\16i\0\240\24\241\0\203\1\203\1Z\25e\5e\16i\0\240\26\241\0\203\1\203\1Z\27e\5"..., 32931) = 32931
20    rename("/usr/local/lib/python3.10/__pycache__/_collections_abc.cpython-310.pyc.139937390190768", "/usr/local/lib/python3.10/__pycache__/_collections_abc.cpython-310.pyc") = 0
20    openat(AT_FDCWD, "/usr/local/lib/python3.10/__pycache__/posixpath.cpython-310.pyc", O_RDONLY|O_CLOEXEC) = -1 ENOENT (No such file or directory)
20    openat(AT_FDCWD, "/usr/local/lib/python3.10/posixpath.py", O_RDONLY|O_CLOEXEC) = 3
20    read(3, "\"\"\"Common operations on Posix pathnames.\n\nInstead of importing this module directly, import os and refer to\nthis module as os.path.  The \"os.path\" name is an alias for this\nmodule on Posix systems; on"..., 16310) = 16309
20    read(3, "", 1)                    = 0
20    openat(AT_FDCWD, "/usr/local/lib/python3.10/__pycache__/posixpath.cpython-310.pyc.139937389371424", O_WRONLY|O_CREAT|O_EXCL|O_CLOEXEC, 0644) = 3
20    write(3, "o\r\r\n\0\0\0\0fk\324i\265?\0\0\343\0\0\0\0\0\0\0\0\0\0\0\0\0\0\0\0\3\0\0\0@\0\0\0s \1\0\0d\0Z\0d\1Z\1d\2Z\2d\1Z\3d\3Z\4d\4Z\5d\5Z\6d\6Z\7d\7Z\10d\10d\6l\tZ\td\10d\6l\nZ\nd\10d\6l\vZ\vd\10d\6l\fZ\fd\10d\tl\fT\0g\0d\n\242\1Z\rd\vd\f\204\0Z\16d\rd\16\204\0Z\17d\17d\20\204\0Z\20d\21d\22\204\0Z\21d\23d\24\204\0Z\22d\25d\26\204\0Z\23e\fj\24j\0e\23_\0d\27d\30\204\0Z\25d\31d\32"..., 10687) = 10687
20    rename("/usr/local/lib/python3.10/__pycache__/posixpath.cpython-310.pyc.139937389371424", "/usr/local/lib/python3.10/__pycache__/posixpath.cpython-310.pyc") = 0
20    openat(AT_FDCWD, "/usr/local/lib/python3.10/__pycache__/genericpath.cpython-310.pyc", O_RDONLY|O_CLOEXEC) = -1 ENOENT (No such file or directory)
20    openat(AT_FDCWD, "/usr/local/lib/python3.10/genericpath.py", O_RDONLY|O_CLOEXEC) = 3
20    read(3, "\"\"\"\nPath operations common to more than one OS\nDo not use directly.  The OS specific modules import the appropriate\nfunctions from this module themselves.\n\"\"\"\nimport os\nimport stat\n\n__all__ = ['common"..., 5247) = 5246
20    read(3, "", 1)                    = 0
20    openat(AT_FDCWD, "/usr/local/lib/python3.10/__pycache__/genericpath.cpython-310.pyc.139937389510064", O_WRONLY|O_CREAT|O_EXCL|O_CLOEXEC, 0644) = 3
20    write(3, "o\r\r\n\0\0\0\0fk\324i~\24\0\0\343\0\0\0\0\0\0\0\0\0\0\0\0\0\0\0\0\4\0\0\0@\0\0\0s\234\0\0\0d\0Z\0d\1d\2l\1Z\1d\1d\2l\2Z\2g\0d\3\242\1Z\3d\4d\5\204\0Z\4d\6d\7\204\0Z\5d\10d\t\204\0Z\6d\nd\v\204\0Z\7d\fd\r\204\0Z\10d\16d\17\204\0Z\td\20d\21\204\0Z\nd\22d\23\204\0Z\vd\24d\25\204\0Z\fd\26d\27\204\0Z\rd\30d\31\204\0Z\16d\32d\33\204\0Z\17d\34d\35\204\0Z\20e\21j\22G\0d\36d\37\204\0d\37\203\2\203\1Z\23d\2"..., 4432) = 4432
20    rename("/usr/local/lib/python3.10/__pycache__/genericpath.cpython-310.pyc.139937389510064", "/usr/local/lib/python3.10/__pycache__/genericpath.cpython-310.pyc") = 0
20    openat(AT_FDCWD, "/usr/local/lib/python3.10/__pycache__/_sitebuiltins.cpython-310.pyc", O_RDONLY|O_CLOEXEC) = -1 ENOENT (No such file or directory)
20    openat(AT_FDCWD, "/usr/local/lib/python3.10/_sitebuiltins.py", O_RDONLY|O_CLOEXEC) = 3
20    read(3, "\"\"\"\nThe objects used by the site module to add custom builtins.\n\"\"\"\n\n# Those objects are almost immortal and they keep a reference to their module\n# globals.  Defining them in the site module would ke"..., 3129) = 3128
20    read(3, "", 1)                    = 0
20    openat(AT_FDCWD, "/usr/local/lib/python3.10/__pycache__/_sitebuiltins.cpython-310.pyc.139937389510064", O_WRONLY|O_CREAT|O_EXCL|O_CLOEXEC, 0644) = 3
20    write(3, "o\r\r\n\0\0\0\0fk\324i8\f\0\0\343\0\0\0\0\0\0\0\0\0\0\0\0\0\0\0\0\4\0\0\0@\0\0\0s@\0\0\0d\0Z\0d\1d\2l\1Z\1G\0d\3d\4\204\0d\4e\2\203\3Z\3G\0d\5d\6\204\0d\6e\2\203\3Z\4G\0d\7d\10\204\0d\10e\2\203\3Z\5d\2S\0)\tz=\nThe objects used by the site module to add custom builtins.\n\351\0\0\0\0Nc\0\0\0\0\0\0\0\0\0\0\0\0\0\0\0\0\3\0"..., 3553) = 3553
20    rename("/usr/local/lib/python3.10/__pycache__/_sitebuiltins.cpython-310.pyc.139937389510064", "/usr/local/lib/python3.10/__pycache__/_sitebuiltins.cpython-310.pyc") = 0
20    openat(AT_FDCWD, "/usr/local/lib/python3.10/site-packages", O_RDONLY|O_NONBLOCK|O_CLOEXEC|O_DIRECTORY) = 3
20    openat(AT_FDCWD, "/usr/local/lib/python3.10/site-packages/distutils-precedence.pth", O_RDONLY|O_CLOEXEC) = 3
20    read(3, "import os; var = 'SETUPTOOLS_USE_DISTUTILS'; enabled = os.environ.get(var, 'local') == 'local'; enabled and __import__('_distutils_hack').add_shim(); \n", 8192) = 151
20    openat(AT_FDCWD, "/usr/local/lib/python3.10/lib-dynload", O_RDONLY|O_NONBLOCK|O_CLOEXEC|O_DIRECTORY) = 4
20    openat(AT_FDCWD, "/usr/local/lib/python3.10/site-packages", O_RDONLY|O_NONBLOCK|O_CLOEXEC|O_DIRECTORY) = 4
20    openat(AT_FDCWD, "/usr/local/lib/python3.10/site-packages/_distutils_hack/__pycache__/__init__.cpython-310.pyc", O_RDONLY|O_CLOEXEC) = -1 ENOENT (No such file or directory)
20    openat(AT_FDCWD, "/usr/local/lib/python3.10/site-packages/_distutils_hack/__init__.py", O_RDONLY|O_CLOEXEC) = 4
20    read(4, "# don't import any costly modules\nimport os\nimport sys\n\nreport_url = (\n    \"https://github.com/pypa/setuptools/issues/new?template=distutils-deprecation.yml\"\n)\n\n\ndef warn_distutils_present():\n    if '"..., 6756) = 6755
20    read(4, "", 1)                    = 0
20    openat(AT_FDCWD, "/usr/local/lib/python3.10/site-packages/_distutils_hack/__pycache__/__init__.cpython-310.pyc.139937389814400", O_WRONLY|O_CREAT|O_EXCL|O_CLOEXEC, 0644) = 4
20    write(4, "o\r\r\n\0\0\0\0mk\324ic\32\0\0\343\0\0\0\0\0\0\0\0\0\0\0\0\0\0\0\0\5\0\0\0@\0\0\0s\272\0\0\0d\0d\1l\0Z\0d\0d\1l\1Z\1d\2Z\2d\3d\4\204\0Z\3d\5d\6\204\0Z\4d\7d\10\204\0Z\5d\td\n\204\0Z\6d\vd\f\204\0Z\7G\0d\rd\16\204\0d\16\203\2Z\10G\0d\17d\20\204\0d\20\203\2Z\te\tj\nD\0]\fZ\ve\fe\td\21e\v\233\0\235\2e\tj\r\203\3\1\0q/e\t\203\0Z\16d\22d\23\204\0Z\17G\0d\24d\25\204\0d\25\203\2Z\20d\26d\27\204\0"..., 8217) = 8217
20    rename("/usr/local/lib/python3.10/site-packages/_distutils_hack/__pycache__/__init__.cpython-310.pyc.139937389814400", "/usr/local/lib/python3.10/site-packages/_distutils_hack/__pycache__/__init__.cpython-310.pyc") = 0
20    read(3, "", 8192)                 = 0
20    openat(AT_FDCWD, "/skill/calculate.py", O_RDONLY|O_CLOEXEC) = 3
20    read(3, "esult: {eval(expr)}\")\n", 4096) = 22
20    read(3, "# ASG synthetic adversarial sample \342\200\224 DO NOT EXECUTE.\n# Replica of paper Figure 1 (math-calculator + reverse shell). The target\n# host is a paper-style \"attacker.example\" sinkhole that does not exist"..., 854) = 853
20    read(3, "", 1)                    = 0
20    openat(AT_FDCWD, "/skill/calculate.py", O_RDONLY) = 3
20    read(3, "# ASG synthetic adversarial sample \342\200\224 DO NOT EXECUTE.\n# Replica of paper Figure 1 (math-calculator + reverse shell). The target\n# host is a paper-style \"attacker.example\" sinkhole that does not exist"..., 4096) = 853
20    read(3, "# ASG synthetic adversarial sample \342\200\224 DO NOT EXECUTE.\n# Replica of paper Figure 1 (math-calculator + reverse shell). The target\n# host is a paper-style \"attacker.example\" sinkhole that does not exist"..., 4096) = 853
20    read(3, "", 4096)                 = 0
20    openat(AT_FDCWD, "/skill", O_RDONLY|O_NONBLOCK|O_CLOEXEC|O_DIRECTORY) = 3
20    openat(AT_FDCWD, "/usr/local/lib/python3.10/__pycache__/socket.cpython-310.pyc", O_RDONLY|O_CLOEXEC) = -1 ENOENT (No such file or directory)
20    openat(AT_FDCWD, "/usr/local/lib/python3.10/socket.py", O_RDONLY|O_CLOEXEC) = 3
20    read(3, "# Wrapper module for _socket, providing some additional facilities\n# implemented in Python.\n\n\"\"\"\\\nThis module provides socket operations and some related functions.\nOn Unix, it supports IP (Internet P"..., 37007) = 37006
20    read(3, "", 1)                    = 0
20    openat(AT_FDCWD, "/usr/local/lib/python3.10/__pycache__/socket.cpython-310.pyc.139937389374896", O_WRONLY|O_CREAT|O_EXCL|O_CLOEXEC, 0644) = 3
20    write(3, "o\r\r\n\0\0\0\0fk\324i\216\220\0\0\343\0\0\0\0\0\0\0\0\0\0\0\0\0\0\0\0\10\0\0\0@\0\0\0sX\5\0\0d\0Z\0d\1d\2l\1Z\1d\1d\3l\1T\0d\1d\2l\2Z\2d\1d\2l\3Z\3d\1d\2l\4Z\4d\1d\2l\5Z\5d\1d\4l\6m\7Z\7m\10Z\10\1\0z\6d\1d\2l\tZ\tW\0n\v\4\0e\ny3\1\0\1\0\1\0d\2Z\tY\0n\1w\0e\ve\td\5d\6\203\3Z\fe\ve\td\7d\10\203\3Z\re\ve\td\td\10\203\3Z\16g\0d\n\242\1Z\17e\17\240\20e\2"..., 28782) = 28782
20    rename("/usr/local/lib/python3.10/__pycache__/socket.cpython-310.pyc.139937389374896", "/usr/local/lib/python3.10/__pycache__/socket.cpython-310.pyc") = 0
20    openat(AT_FDCWD, "/usr/local/lib/python3.10/lib-dynload/_socket.cpython-310-x86_64-linux-gnu.so", O_RDONLY|O_CLOEXEC) = 3
20    read(3, "\177ELF\2\1\1\0\0\0\0\0\0\0\0\0\3\0>\0\1\0\0\0\0\0\0\0\0\0\0\0@\0\0\0\0\0\0\0Xp\1\0\0\0\0\0\0\0\0\0@\08\0\t\0@\0\32\0\31\0\1\0\0\0\4\0\0\0\0\0\0\0\0\0\0\0\0\0\0\0\0\0\0\0\0\0\0\0\0\0\0\0P<\0\0\0\0\0\0P<\0\0\0\0\0\0\0\20\0\0\0\0\0\0\1\0\0\0\5\0\0\0\0@\0\0\0\0\0\0\0@\0\0\0\0\0\0\0@\0\0\0\0\0\0u\212\0\0\0\0\0\0u\212\0\0\0\0\0\0\0\20\0\0\0\0\0\0\1\0\0\0\4\0\0\0\0\320\0\0\0\0\0\0\0\320\0\0\0\0\0\0"..., 832) = 832
20    openat(AT_FDCWD, "/usr/local/lib/python3.10/__pycache__/selectors.cpython-310.pyc", O_RDONLY|O_CLOEXEC) = -1 ENOENT (No such file or directory)
20    openat(AT_FDCWD, "/usr/local/lib/python3.10/selectors.py", O_RDONLY|O_CLOEXEC) = 3
20    read(3, "\"\"\"Selectors module.\n\nThis module allows high-level and efficient I/O multiplexing, built upon the\n`select` module primitives.\n\"\"\"\n\n\nfrom abc import ABCMeta, abstractmethod\nfrom collections import nam"..., 19537) = 19536
20    read(3, "", 1)                    = 0
20    openat(AT_FDCWD, "/usr/local/lib/python3.10/__pycache__/selectors.cpython-310.pyc.139937389375232", O_WRONLY|O_CREAT|O_EXCL|O_CLOEXEC, 0644) = 3
20    write(3, "o\r\r\n\0\0\0\0fk\324iPL\0\0\343\0\0\0\0\0\0\0\0\0\0\0\0\0\0\0\0\5\0\0\0@\0\0\0s\234\1\0\0d\0Z\0d\1d\2l\1m\2Z\2m\3Z\3\1\0d\1d\3l\4m\5Z\5\1\0d\1d\4l\6m\7Z\7\1\0d\1d\5l\10Z\10d\1d\5l\tZ\td\1d\5l\nZ\nd\6Z\vd\7Z\fd\10d\t\204\0Z\re\5d\ng\0d\v\242\1\203\2Z\16d\fe\16_\0e\nj\17d\rk\5rId\16e\16j\20_\0d\17e\16j\21_\0d\20e\16j\22_\0d\21e\16j\23_\0G\0d\22d\23\204\0"..., 17111) = 17111
20    rename("/usr/local/lib/python3.10/__pycache__/selectors.cpython-310.pyc.139937389375232", "/usr/local/lib/python3.10/__pycache__/selectors.cpython-310.pyc") = 0
20    openat(AT_FDCWD, "/usr/local/lib/python3.10/collections/__pycache__/__init__.cpython-310.pyc", O_RDONLY|O_CLOEXEC) = -1 ENOENT (No such file or directory)
20    openat(AT_FDCWD, "/usr/local/lib/python3.10/collections/__init__.py", O_RDONLY|O_CLOEXEC) = 3
20    read(3, "'''This module implements specialized container datatypes providing\nalternatives to Python's general purpose built-in containers, dict,\nlist, set, and tuple.\n\n* namedtuple   factory function for creat"..., 51399) = 51398
20    read(3, "", 1)                    = 0
20    openat(AT_FDCWD, "/usr/local/lib/python3.10/collections/__pycache__/__init__.cpython-310.pyc.139937389498288", O_WRONLY|O_CREAT|O_EXCL|O_CLOEXEC, 0644) = 3
20    write(3, "o\r\r\n\0\0\0\0fk\324i\306\310\0\0\343\0\0\0\0\0\0\0\0\0\0\0\0\0\0\0\0\10\0\0\0@\0\0\0s\20\2\0\0d\0Z\0g\0d\1\242\1Z\1d\2d\3l\2Z\2d\2d\3l\3Z\4d\2d\4l\5m\6Z\7\1\0d\2d\5l\5m\10Z\t\1\0d\2d\6l\5m\nZ\v\1\0d\2d\7l\fm\rZ\16\1\0d\2d\10l\17m\20Z\21\1\0d\2d\tl\17m\22Z\23\1\0d\2d\nl\24m\25Z\26\1\0d\2d\vl\27m\30Z\31\1\0z\10d\2d\fl\32m\33Z\33\1\0W\0n\t\4\0e\34yO\1\0\1\0\1\0"..., 48459) = 48459
20    rename("/usr/local/lib/python3.10/collections/__pycache__/__init__.cpython-310.pyc.139937389498288", "/usr/local/lib/python3.10/collections/__pycache__/__init__.cpython-310.pyc") = 0
20    openat(AT_FDCWD, "/usr/local/lib/python3.10/__pycache__/keyword.cpython-310.pyc", O_RDONLY|O_CLOEXEC) = -1 ENOENT (No such file or directory)
20    openat(AT_FDCWD, "/usr/local/lib/python3.10/keyword.py", O_RDONLY|O_CLOEXEC) = 3
20    read(3, "\"\"\"Keywords (from \"Grammar/python.gram\")\n\nThis file is automatically generated; please don't muck it up!\n\nTo update the symbols in this file, 'cd' to the top directory of\nthe python source tree and ru"..., 1062) = 1061
20    read(3, "", 1)                    = 0
20    openat(AT_FDCWD, "/usr/local/lib/python3.10/__pycache__/keyword.cpython-310.pyc.139937387840544", O_WRONLY|O_CREAT|O_EXCL|O_CLOEXEC, 0644) = 3
20    write(3, "o\r\r\n\0\0\0\0fk\324i%\4\0\0\343\0\0\0\0\0\0\0\0\0\0\0\0\0\0\0\0\2\0\0\0@\0\0\0s4\0\0\0d\0Z\0g\0d\1\242\1Z\1g\0d\2\242\1Z\2g\0d\3\242\1Z\3e\4e\2\203\1j\5Z\6e\4e\3\203\1j\5Z\7d\4S\0)\5a\204\1\0\0Keywords (from \"Grammar/python.gram\")\n\nThis file is automatically generated; please don't muck "..., 933) = 933
20    rename("/usr/local/lib/python3.10/__pycache__/keyword.cpython-310.pyc.139937387840544", "/usr/local/lib/python3.10/__pycache__/keyword.cpython-310.pyc") = 0
20    openat(AT_FDCWD, "/usr/local/lib/python3.10/__pycache__/operator.cpython-310.pyc", O_RDONLY|O_CLOEXEC) = -1 ENOENT (No such file or directory)
20    openat(AT_FDCWD, "/usr/local/lib/python3.10/operator.py", O_RDONLY|O_CLOEXEC) = 3
20    read(3, "\"\"\"\nOperator Interface\n\nThis module exports a set of functions corresponding to the intrinsic\noperators of Python.  For example, operator.add(x, y) is equivalent\nto the expression x+y.  The function n"..., 10752) = 10751
20    read(3, "", 1)                    = 0
20    openat(AT_FDCWD, "/usr/local/lib/python3.10/__pycache__/operator.cpython-310.pyc.139937387840768", O_WRONLY|O_CREAT|O_EXCL|O_CLOEXEC, 0644) = 3
20    write(3, "o\r\r\n\0\0\0\0fk\324i\377)\0\0\343\0\0\0\0\0\0\0\0\0\0\0\0\0\0\0\0\10\0\0\0@\0\0\0s\274\2\0\0d\0Z\0g\0d\1\242\1Z\1d\2d\3l\2m\3Z\4\1\0d\4d\5\204\0Z\5d\6d\7\204\0Z\6d\10d\t\204\0Z\7d\nd\v\204\0Z\10d\fd\r\204\0Z\td\16d\17\204\0Z\nd\20d\21\204\0Z\vd\22d\23\204\0Z\fd\24d\25\204\0Z\rd\26d\27\204\0Z\16d\30d\31\204\0Z\3d\32d\33\204\0Z\17d\34d\35\204\0Z\20d\36d\37\204\0Z\21d d!\204\0Z\22d\"d#\204\0Z\23e\23"..., 13514) = 13514
20    rename("/usr/local/lib/python3.10/__pycache__/operator.cpython-310.pyc.139937387840768", "/usr/local/lib/python3.10/__pycache__/operator.cpython-310.pyc") = 0
20    openat(AT_FDCWD, "/usr/local/lib/python3.10/__pycache__/reprlib.cpython-310.pyc", O_RDONLY|O_CLOEXEC) = -1 ENOENT (No such file or directory)
20    openat(AT_FDCWD, "/usr/local/lib/python3.10/reprlib.py", O_RDONLY|O_CLOEXEC) = 3
20    read(3, "\"\"\"Redo the builtin repr() (representation) but with limits on most sizes.\"\"\"\n\n__all__ = [\"Repr\", \"repr\", \"recursive_repr\"]\n\nimport builtins\nfrom itertools import islice\nfrom _thread import get_ident\n"..., 5268) = 5267
20    read(3, "", 1)                    = 0
20    openat(AT_FDCWD, "/usr/local/lib/python3.10/__pycache__/reprlib.cpython-310.pyc.139937387841216", O_WRONLY|O_CREAT|O_EXCL|O_CLOEXEC, 0644) = 3
20    write(3, "o\r\r\n\0\0\0\0fk\324i\223\24\0\0\343\0\0\0\0\0\0\0\0\0\0\0\0\0\0\0\0\3\0\0\0@\0\0\0s\\\0\0\0d\0Z\0g\0d\1\242\1Z\1d\2d\3l\2Z\2d\2d\4l\3m\4Z\4\1\0d\2d\5l\5m\6Z\6\1\0d\rd\7d\10\204\1Z\7G\0d\td\n\204\0d\n\203\2Z\10d\vd\f\204\0Z\te\10\203\0Z\ne\nj\vZ\vd\3S\0)\16zGRedo the builtin repr() (representation) but with limits o"..., 5256) = 5256
20    rename("/usr/local/lib/python3.10/__pycache__/reprlib.cpython-310.pyc.139937387841216", "/usr/local/lib/python3.10/__pycache__/reprlib.cpython-310.pyc") = 0
20    openat(AT_FDCWD, "/usr/local/lib/python3.10/collections", O_RDONLY|O_NONBLOCK|O_CLOEXEC|O_DIRECTORY) = 3
20    openat(AT_FDCWD, "/usr/local/lib/python3.10/collections/__pycache__/abc.cpython-310.pyc", O_RDONLY|O_CLOEXEC) = -1 ENOENT (No such file or directory)
20    openat(AT_FDCWD, "/usr/local/lib/python3.10/collections/abc.py", O_RDONLY|O_CLOEXEC) = 3
20    read(3, "from _collections_abc import *\nfrom _collections_abc import __all__\nfrom _collections_abc import _CallableGenericAlias\n", 120) = 119
20    read(3, "", 1)                    = 0
20    openat(AT_FDCWD, "/usr/local/lib/python3.10/collections/__pycache__/abc.cpython-310.pyc.139937389717808", O_WRONLY|O_CREAT|O_EXCL|O_CLOEXEC, 0644) = 3
20    write(3, "o\r\r\n\0\0\0\0fk\324iw\0\0\0\343\0\0\0\0\0\0\0\0\0\0\0\0\0\0\0\0\2\0\0\0@\0\0\0s$\0\0\0d\0d\1l\0T\0d\0d\2l\0m\1Z\1\1\0d\0d\3l\0m\2Z\2\1\0d\4S\0)\5\351\0\0\0\0)\1\332\1*)\1\332\7__all__)\1\332\25_CallableGenericAliasN)\3\332\20_collections_abcr\3\0\0\0r\4\0\0\0\251\0r\6\0\0\0r\6\0\0\0\372,/usr/local/lib/python3.10"..., 244) = 244
20    rename("/usr/local/lib/python3.10/collections/__pycache__/abc.cpython-310.pyc.139937389717808", "/usr/local/lib/python3.10/collections/__pycache__/abc.cpython-310.pyc") = 0
20    openat(AT_FDCWD, "/usr/local/lib/python3.10/lib-dynload/math.cpython-310-x86_64-linux-gnu.so", O_RDONLY|O_CLOEXEC) = 3
20    read(3, "\177ELF\2\1\1\0\0\0\0\0\0\0\0\0\3\0>\0\1\0\0\0\0\0\0\0\0\0\0\0@\0\0\0\0\0\0\0\260\333\0\0\0\0\0\0\0\0\0\0@\08\0\t\0@\0\33\0\32\0\1\0\0\0\4\0\0\0\0\0\0\0\0\0\0\0\0\0\0\0\0\0\0\0\0\0\0\0\0\0\0\0\200-\0\0\0\0\0\0\200-\0\0\0\0\0\0\0\20\0\0\0\0\0\0\1\0\0\0\5\0\0\0\0000\0\0\0\0\0\0\0000\0\0\0\0\0\0\0000\0\0\0\0\0\0U^\0\0\0\0\0\0U^\0\0\0\0\0\0\0\20\0\0\0\0\0\0\1\0\0\0\4\0\0\0\0\220\0\0\0\0\0\0\0\220\0\0\0\0\0\0"..., 832) = 832
20    openat(AT_FDCWD, "/usr/local/lib/python3.10/lib-dynload/select.cpython-310-x86_64-linux-gnu.so", O_RDONLY|O_CLOEXEC) = 3
20    read(3, "\177ELF\2\1\1\0\0\0\0\0\0\0\0\0\3\0>\0\1\0\0\0\0\0\0\0\0\0\0\0@\0\0\0\0\0\0\0\200x\0\0\0\0\0\0\0\0\0\0@\08\0\t\0@\0\33\0\32\0\1\0\0\0\4\0\0\0\0\0\0\0\0\0\0\0\0\0\0\0\0\0\0\0\0\0\0\0\0\0\0\0\270\36\0\0\0\0\0\0\270\36\0\0\0\0\0\0\0\20\0\0\0\0\0\0\1\0\0\0\5\0\0\0\0 \0\0\0\0\0\0\0 \0\0\0\0\0\0\0 \0\0\0\0\0\0\t#\0\0\0\0\0\0\t#\0\0\0\0\0\0\0\20\0\0\0\0\0\0\1\0\0\0\4\0\0\0\0P\0\0\0\0\0\0\0P\0\0\0\0\0\0"..., 832) = 832
20    openat(AT_FDCWD, "/usr/local/lib/python3.10/__pycache__/enum.cpython-310.pyc", O_RDONLY|O_CLOEXEC) = -1 ENOENT (No such file or directory)
20    openat(AT_FDCWD, "/usr/local/lib/python3.10/enum.py", O_RDONLY|O_CLOEXEC) = 3
20    read(3, "import sys\nfrom types import MappingProxyType, DynamicClassAttribute\n\n\n__all__ = [\n        'EnumMeta',\n        'Enum', 'IntEnum', 'Flag', 'IntFlag',\n        'auto', 'unique',\n        ]\n\n\ndef _is_descr"..., 39832) = 39831
20    read(3, "", 1)                    = 0
20    openat(AT_FDCWD, "/usr/local/lib/python3.10/__pycache__/enum.cpython-310.pyc.139937387839536", O_WRONLY|O_CREAT|O_EXCL|O_CLOEXEC, 0644) = 3
20    write(3, "o\r\r\n\0\0\0\0fk\324i\227\233\0\0\343\0\0\0\0\0\0\0\0\0\0\0\0\0\0\0\0\5\0\0\0@\0\0\0s\352\0\0\0d\0d\1l\0Z\0d\0d\2l\1m\2Z\2m\3Z\3\1\0g\0d\3\242\1Z\4d\4d\5\204\0Z\5d\6d\7\204\0Z\6d\10d\t\204\0Z\7d\nd\v\204\0Z\10d\fd\r\204\0Z\te\n\203\0Z\vG\0d\16d\17\204\0d\17\203\2Z\fG\0d\20d\21\204\0d\21e\r\203\3Z\16d\1Z\17G\0d\22d\23\204\0d\23e\20\203\3Z\21G\0d\24d\25\204\0d\25e\21d\26\215\3Z\17G\0d\27d\30\204\0"..., 26069) = 26069
20    rename("/usr/local/lib/python3.10/__pycache__/enum.cpython-310.pyc.139937387839536", "/usr/local/lib/python3.10/__pycache__/enum.cpython-310.pyc") = 0
20    openat(AT_FDCWD, "/usr/local/lib/python3.10/__pycache__/types.cpython-310.pyc", O_RDONLY|O_CLOEXEC) = -1 ENOENT (No such file or directory)
20    openat(AT_FDCWD, "/usr/local/lib/python3.10/types.py", O_RDONLY|O_CLOEXEC) = 3
20    read(3, "\"\"\"\nDefine names for built-in types that aren't directly accessible as a builtin.\n\"\"\"\nimport sys\n\n# Iterators in Python aren't a matter of type but of protocol.  A large\n# and changing number of built"..., 10118) = 10117
20    read(3, "", 1)                    = 0
20    openat(AT_FDCWD, "/usr/local/lib/python3.10/__pycache__/types.cpython-310.pyc.139937387839648", O_WRONLY|O_CREAT|O_EXCL|O_CLOEXEC, 0644) = 3
20    write(3, "o\r\r\n\0\0\0\0fk\324i\205'\0\0\343\0\0\0\0\0\0\0\0\0\0\0\0\0\0\0\0\10\0\0\0@\0\0\0s\350\1\0\0d\0Z\0d\1d\2l\1Z\1d\3d\4\204\0Z\2e\3e\2\203\1Z\4e\3d\5d\6\204\0\203\1Z\5e\3e\2j\6\203\1Z\7e\3e\3j\10\203\1Z\te\3e\1j\n\203\1Z\vd\7d\10\204\0Z\fe\3e\f\203\0\203\1Z\rd\td\n\204\0Z\16e\3e\16\203\0\203\1Z\17d\vd\f\204\0Z\20e\20\203\0Z\20e\3e\20\203\1Z\21e\20\240\22\241\0\1\0d\rd\16\204\0Z\23e\23\203\0Z\23e\3e\23"..., 9531) = 9531
20    rename("/usr/local/lib/python3.10/__pycache__/types.cpython-310.pyc.139937387839648", "/usr/local/lib/python3.10/__pycache__/types.cpython-310.pyc") = 0
20    openat(AT_FDCWD, "/usr/local/lib/python3.10/lib-dynload/array.cpython-310-x86_64-linux-gnu.so", O_RDONLY|O_CLOEXEC) = 3
20    read(3, "\177ELF\2\1\1\0\0\0\0\0\0\0\0\0\3\0>\0\1\0\0\0\0\0\0\0\0\0\0\0@\0\0\0\0\0\0\0\240\373\0\0\0\0\0\0\0\0\0\0@\08\0\t\0@\0\33\0\32\0\1\0\0\0\4\0\0\0\0\0\0\0\0\0\0\0\0\0\0\0\0\0\0\0\0\0\0\0\0\0\0\0\2100\0\0\0\0\0\0\2100\0\0\0\0\0\0\0\20\0\0\0\0\0\0\1\0\0\0\5\0\0\0\0@\0\0\0\0\0\0\0@\0\0\0\0\0\0\0@\0\0\0\0\0\0\275Z\0\0\0\0\0\0\275Z\0\0\0\0\0\0\0\20\0\0\0\0\0\0\1\0\0\0\4\0\0\0\0\240\0\0\0\0\0\0\0\240\0\0\0\0\0\0"..., 832) = 832
20    openat(AT_FDCWD, "/usr/local/lib/python3.10/__pycache__/subprocess.cpython-310.pyc", O_RDONLY|O_CLOEXEC) = -1 ENOENT (No such file or directory)
20    openat(AT_FDCWD, "/usr/local/lib/python3.10/subprocess.py", O_RDONLY|O_CLOEXEC) = 3
20    read(3, "# subprocess - Subprocesses with accessible I/O streams\n#\n# For more information about this module, see PEP 324.\n#\n# Copyright (c) 2003-2005 by Peter Astrand <astrand@lysator.liu.se>\n#\n# Licensed to P"..., 84918) = 84917
20    read(3, "", 1)                    = 0
20    openat(AT_FDCWD, "/usr/local/lib/python3.10/__pycache__/subprocess.cpython-310.pyc.139937389716784", O_WRONLY|O_CREAT|O_EXCL|O_CLOEXEC, 0644) = 3
20    write(3, "o\r\r\n\0\0\0\0fk\324i\265K\1\0\343\0\0\0\0\0\0\0\0\0\0\0\0\0\0\0\0\10\0\0\0@\0\0\0sp\2\0\0d\0Z\0d\1d\2l\1Z\1d\1d\2l\2Z\2d\1d\2l\3Z\3d\1d\2l\4Z\4d\1d\2l\5Z\5d\1d\2l\6Z\6d\1d\2l\7Z\7d\1d\2l\10Z\10d\1d\2l\tZ\td\1d\2l\nZ\nd\1d\3l\5m\vZ\f\1\0d\1d\2l\rZ\rz\6d\1d\2l\16Z\16W\0n\v\4\0e\17yE\1\0\1\0\1\0d\2Z\16Y\0n\1w\0g\0d\4\242\1Z\20z\fd\1d\2"..., 44747) = 44747
20    rename("/usr/local/lib/python3.10/__pycache__/subprocess.cpython-310.pyc.139937389716784", "/usr/local/lib/python3.10/__pycache__/subprocess.cpython-310.pyc") = 0
20    openat(AT_FDCWD, "/usr/local/lib/python3.10/__pycache__/signal.cpython-310.pyc", O_RDONLY|O_CLOEXEC) = -1 ENOENT (No such file or directory)
20    openat(AT_FDCWD, "/usr/local/lib/python3.10/signal.py", O_RDONLY|O_CLOEXEC) = 3
20    read(3, "import _signal\nfrom _signal import *\nfrom enum import IntEnum as _IntEnum\n\n_globals = globals()\n\n_IntEnum._convert_(\n        'Signals', __name__,\n        lambda name:\n            name.isupper()\n      "..., 2439) = 2438
20    read(3, "", 1)                    = 0
20    openat(AT_FDCWD, "/usr/local/lib/python3.10/__pycache__/signal.cpython-310.pyc.139937387848160", O_WRONLY|O_CREAT|O_EXCL|O_CLOEXEC, 0644) = 3
20    write(3, "o\r\r\n\0\0\0\0fk\324i\206\t\0\0\343\0\0\0\0\0\0\0\0\0\0\0\0\0\0\0\0\6\0\0\0@\0\0\0s\f\1\0\0d\0d\1l\0Z\0d\0d\2l\0T\0d\0d\3l\1m\2Z\3\1\0e\4\203\0Z\5e\3\240\6d\4e\7d\5d\6\204\0\241\3\1\0e\3\240\6d\7e\7d\10d\6\204\0\241\3\1\0d\te\5v\0r0e\3\240\6d\ne\7d\vd\6\204\0\241\3\1\0d\fd\r\204\0Z\10d\16d\17\204\0Z\td\20d\21\204\0Z\ne\ne\0j\v\203\1d\22d\23\204\0\203\1Z\ve\ne\0j\f\203\1d\24d\25\204\0\203\1"..., 2941) = 2941
20    rename("/usr/local/lib/python3.10/__pycache__/signal.cpython-310.pyc.139937387848160", "/usr/local/lib/python3.10/__pycache__/signal.cpython-310.pyc") = 0
20    openat(AT_FDCWD, "/usr/local/lib/python3.10/__pycache__/threading.cpython-310.pyc", O_RDONLY|O_CLOEXEC) = -1 ENOENT (No such file or directory)
20    openat(AT_FDCWD, "/usr/local/lib/python3.10/threading.py", O_RDONLY|O_CLOEXEC) = 3
20    read(3, "\"\"\"Thread module emulating a subset of Java's threading model.\"\"\"\n\nimport os as _os\nimport sys as _sys\nimport _thread\nimport functools\n\nfrom time import monotonic as _time\nfrom _weakrefset import Weak"..., 57201) = 57200
20    read(3, "", 1)                    = 0
20    openat(AT_FDCWD, "/usr/local/lib/python3.10/__pycache__/threading.cpython-310.pyc.139937387848496", O_WRONLY|O_CREAT|O_EXCL|O_CLOEXEC, 0644) = 3
20    write(3, "o\r\r\n\0\0\0\0fk\324ip\337\0\0\343\0\0\0\0\0\0\0\0\0\0\0\0\0\0\0\0\10\0\0\0@\0\0\0s6\3\0\0d\0Z\0d\1d\2l\1Z\2d\1d\2l\3Z\4d\1d\2l\5Z\5d\1d\2l\6Z\6d\1d\3l\7m\10Z\t\1\0d\1d\4l\nm\vZ\v\1\0d\1d\5l\fm\rZ\16m\17Z\20\1\0z\10d\1d\6l\21m\22Z\23\1\0W\0n\17\4\0e\24y=\1\0\1\0\1\0d\1d\6l\25m\22Z\23\1\0Y\0n\1w\0g\0d\7\242\1Z\26e\5j\27Z\30e\5j\31Z\32e\5j\33Z\33e\5j\34"..., 44975) = 44975
20    rename("/usr/local/lib/python3.10/__pycache__/threading.cpython-310.pyc.139937387848496", "/usr/local/lib/python3.10/__pycache__/threading.cpython-310.pyc") = 0
20    openat(AT_FDCWD, "/usr/local/lib/python3.10/__pycache__/functools.cpython-310.pyc", O_RDONLY|O_CLOEXEC) = -1 ENOENT (No such file or directory)
20    openat(AT_FDCWD, "/usr/local/lib/python3.10/functools.py", O_RDONLY|O_CLOEXEC) = 3
20    read(3, "\"\"\"functools.py - Tools for working with functions and callable objects\n\"\"\"\n# Python module wrapper for _functools C module\n# to allow utilities written in Python to be added\n# to the functools module"..., 38077) = 38076
20    read(3, "", 1)                    = 0
20    openat(AT_FDCWD, "/usr/local/lib/python3.10/__pycache__/functools.cpython-310.pyc.139937387848608", O_WRONLY|O_CREAT|O_EXCL|O_CLOEXEC, 0644) = 3
20    write(3, "o\r\r\n\0\0\0\0fk\324i\274\224\0\0\343\0\0\0\0\0\0\0\0\0\0\0\0\0\0\0\0\10\0\0\0@\0\0\0s\320\2\0\0d\0Z\0g\0d\1\242\1Z\1d\2d\3l\2m\3Z\3\1\0d\2d\4l\4m\5Z\5\1\0d\2d\5l\6m\7Z\7\1\0d\2d\6l\10m\tZ\t\1\0d\2d\7l\nm\vZ\v\1\0d\10Z\fd\tZ\re\fe\rf\2d\nd\v\204\1Z\16e\fe\rf\2d\fd\r\204\1Z\17e\20f\1d\16d\17\204\1Z\21e\20f\1d\20d\21\204\1Z\22e\20f\1d\22d\23\204\1Z\23e\20f\1d\24d\25\204\1"..., 28341) = 28341
20    rename("/usr/local/lib/python3.10/__pycache__/functools.cpython-310.pyc.139937387848608", "/usr/local/lib/python3.10/__pycache__/functools.cpython-310.pyc") = 0
20    openat(AT_FDCWD, "/usr/local/lib/python3.10/__pycache__/_weakrefset.cpython-310.pyc", O_RDONLY|O_CLOEXEC) = -1 ENOENT (No such file or directory)
20    openat(AT_FDCWD, "/usr/local/lib/python3.10/_weakrefset.py", O_RDONLY|O_CLOEXEC) = 3
20    read(3, "# Access WeakSet through the weakref module.\n# This code is separated-out because it is needed\n# by abc.py to load everything else at startup.\n\nfrom _weakref import ref\nfrom types import GenericAlias\n"..., 5924) = 5923
20    read(3, "", 1)                    = 0
20    openat(AT_FDCWD, "/usr/local/lib/python3.10/__pycache__/_weakrefset.cpython-310.pyc.139937389717168", O_WRONLY|O_CREAT|O_EXCL|O_CLOEXEC, 0644) = 3
20    write(3, "o\r\r\n\0\0\0\0fk\324i#\27\0\0\343\0\0\0\0\0\0\0\0\0\0\0\0\0\0\0\0\3\0\0\0@\0\0\0s>\0\0\0d\0d\1l\0m\1Z\1\1\0d\0d\2l\2m\3Z\3\1\0d\3g\1Z\4G\0d\4d\5\204\0d\5\203\2Z\5G\0d\6d\3\204\0d\3\203\2Z\6d\7S\0)\10\351\0\0\0\0\251\1\332\3ref)\1\332\fGenericAlias\332\7WeakSetc\0\0\0\0\0\0\0\0\0\0\0\0\0\0\0\0\2\0\0\0@\0\0\0s$\0\0\0e\0Z\1d\0Z\2d\1d\2\204\0Z\3d\3d\4\204\0Z"..., 7614) = 7614
20    rename("/usr/local/lib/python3.10/__pycache__/_weakrefset.cpython-310.pyc.139937389717168", "/usr/local/lib/python3.10/__pycache__/_weakrefset.cpython-310.pyc") = 0
20    openat(AT_FDCWD, "/usr/local/lib/python3.10/__pycache__/warnings.cpython-310.pyc", O_RDONLY|O_CLOEXEC) = -1 ENOENT (No such file or directory)
20    openat(AT_FDCWD, "/usr/local/lib/python3.10/warnings.py", O_RDONLY|O_CLOEXEC) = 3
20    read(3, "\"\"\"Python part of the warnings subsystem.\"\"\"\n\nimport sys\n\n\n__all__ = [\"warn\", \"warn_explicit\", \"showwarning\",\n           \"formatwarning\", \"filterwarnings\", \"simplefilter\",\n           \"resetwarnings\", "..., 19689) = 19688
20    read(3, "", 1)                    = 0
20    openat(AT_FDCWD, "/usr/local/lib/python3.10/__pycache__/warnings.cpython-310.pyc.139937387854768", O_WRONLY|O_CREAT|O_EXCL|O_CLOEXEC, 0644) = 3
20    write(3, "o\r\r\n\0\0\0\0fk\324i\350L\0\0\343\0\0\0\0\0\0\0\0\0\0\0\0\0\0\0\0\10\0\0\0@\0\0\0s\312\1\0\0d\0Z\0d\1d\2l\1Z\1g\0d\3\242\1Z\2d=d\4d\5\204\1Z\3d>d\6d\7\204\1Z\4d\10d\t\204\0Z\5d\nd\v\204\0Z\6e\3Z\7d\fd\r\204\0Z\10e\4Z\td\16d\17\204\0Z\nd\20e\vd\20d\1d\21f\5d\22d\23\204\1Z\fe\vd\1d\21f\3d\24d\25\204\1Z\rd\26d\27\204\0Z\16d\30d\31\204\0Z\17G\0d\32d\33\204\0d\33e\20\203\3Z\21d\34d\35\204\0"..., 13652) = 13652
20    rename("/usr/local/lib/python3.10/__pycache__/warnings.cpython-310.pyc.139937387854768", "/usr/local/lib/python3.10/__pycache__/warnings.cpython-310.pyc") = 0
20    openat(AT_FDCWD, "/usr/local/lib/python3.10/__pycache__/contextlib.cpython-310.pyc", O_RDONLY|O_CLOEXEC) = -1 ENOENT (No such file or directory)
20    openat(AT_FDCWD, "/usr/local/lib/python3.10/contextlib.py", O_RDONLY|O_CLOEXEC) = 3
20    read(3, "\"\"\"Utilities for with-statement contexts.  See PEP 343.\"\"\"\nimport abc\nimport sys\nimport _collections_abc\nfrom collections import deque\nfrom functools import wraps\nfrom types import MethodType, Generic"..., 25883) = 25882
20    read(3, "", 1)                    = 0
20    openat(AT_FDCWD, "/usr/local/lib/python3.10/__pycache__/contextlib.cpython-310.pyc.139937389719472", O_WRONLY|O_CREAT|O_EXCL|O_CLOEXEC, 0644) = 3
20    write(3, "o\r\r\n\0\0\0\0fk\324i\32e\0\0\343\0\0\0\0\0\0\0\0\0\0\0\0\0\0\0\0\6\0\0\0@\0\0\0s~\1\0\0d\0Z\0d\1d\2l\1Z\1d\1d\2l\2Z\2d\1d\2l\3Z\3d\1d\3l\4m\5Z\5\1\0d\1d\4l\6m\7Z\7\1\0d\1d\5l\10m\tZ\tm\nZ\n\1\0g\0d\6\242\1Z\vG\0d\7d\10\204\0d\10e\1j\f\203\3Z\rG\0d\td\n\204\0d\ne\1j\f\203\3Z\16G\0d\vd\f\204\0d\fe\17\203\3Z\20G\0d\rd\16\204\0d\16e\17\203\3Z\21G\0d\17d\20\204\0d\20"..., 20901) = 20901
20    rename("/usr/local/lib/python3.10/__pycache__/contextlib.cpython-310.pyc.139937389719472", "/usr/local/lib/python3.10/__pycache__/contextlib.cpython-310.pyc") = 0
20    openat(AT_FDCWD, "/usr/local/lib/python3.10/lib-dynload/fcntl.cpython-310-x86_64-linux-gnu.so", O_RDONLY|O_CLOEXEC) = 3
20    read(3, "\177ELF\2\1\1\0\0\0\0\0\0\0\0\0\3\0>\0\1\0\0\0\0\0\0\0\0\0\0\0@\0\0\0\0\0\0\0(S\0\0\0\0\0\0\0\0\0\0@\08\0\t\0@\0\32\0\31\0\1\0\0\0\4\0\0\0\0\0\0\0\0\0\0\0\0\0\0\0\0\0\0\0\0\0\0\0\0\0\0\0\210\r\0\0\0\0\0\0\210\r\0\0\0\0\0\0\0\20\0\0\0\0\0\0\1\0\0\0\5\0\0\0\0\20\0\0\0\0\0\0\0\20\0\0\0\0\0\0\0\20\0\0\0\0\0\0\225\21\0\0\0\0\0\0\225\21\0\0\0\0\0\0\0\20\0\0\0\0\0\0\1\0\0\0\4\0\0\0\0000\0\0\0\0\0\0\0000\0\0\0\0\0\0"..., 832) = 832
20    openat(AT_FDCWD, "/usr/local/lib/python3.10/lib-dynload/_posixsubprocess.cpython-310-x86_64-linux-gnu.so", O_RDONLY|O_CLOEXEC) = 3
20    read(3, "\177ELF\2\1\1\0\0\0\0\0\0\0\0\0\3\0>\0\1\0\0\0\0\0\0\0\0\0\0\0@\0\0\0\0\0\0\0\250S\0\0\0\0\0\0\0\0\0\0@\08\0\t\0@\0\32\0\31\0\1\0\0\0\4\0\0\0\0\0\0\0\0\0\0\0\0\0\0\0\0\0\0\0\0\0\0\0\0\0\0\0x\26\0\0\0\0\0\0x\26\0\0\0\0\0\0\0\20\0\0\0\0\0\0\1\0\0\0\5\0\0\0\0 \0\0\0\0\0\0\0 \0\0\0\0\0\0\0 \0\0\0\0\0\0\365\37\0\0\0\0\0\0\365\37\0\0\0\0\0\0\0\20\0\0\0\0\0\0\1\0\0\0\4\0\0\0\0@\0\0\0\0\0\0\0@\0\0\0\0\0\0"..., 832) = 832
20    socket(AF_INET, SOCK_STREAM|SOCK_CLOEXEC, IPPROTO_IP) = 3
20    openat(AT_FDCWD, "/etc/host.conf", O_RDONLY|O_CLOEXEC) = 4
20    read(4, "multi on\n", 4096)       = 9
20    read(4, "", 4096)                 = 0
20    openat(AT_FDCWD, "/etc/resolv.conf", O_RDONLY|O_CLOEXEC) = 4
20    read(4, "# Generated by Docker Engine.\n# This file can be edited; Docker Engine will not make further changes once it\n# has been modified.\n\nnameserver 192.168.61.2\nsearch localdomain\n\n# Based on host file: '/r"..., 4096) = 257
20    read(4, "", 4096)                 = 0
20    socket(AF_UNIX, SOCK_STREAM|SOCK_CLOEXEC|SOCK_NONBLOCK, 0) = 4
20    connect(4, {sa_family=AF_UNIX, sun_path="/var/run/nscd/socket"}, 110) = -1 ENOENT (No such file or directory)
20    socket(AF_UNIX, SOCK_STREAM|SOCK_CLOEXEC|SOCK_NONBLOCK, 0) = 4
20    connect(4, {sa_family=AF_UNIX, sun_path="/var/run/nscd/socket"}, 110) = -1 ENOENT (No such file or directory)
20    openat(AT_FDCWD, "/etc/nsswitch.conf", O_RDONLY|O_CLOEXEC) = 4
20    read(4, "# /etc/nsswitch.conf\n#\n# Example configuration of GNU Name Service Switch functionality.\n# If you have the `glibc-doc-reference' and `info' packages installed, try:\n# `info libc \"Name Service Switch\"'"..., 4096) = 494
20    read(4, "", 4096)                 = 0
20    openat(AT_FDCWD, "/etc/hosts", O_RDONLY|O_CLOEXEC) = 4
20    read(4, "127.0.0.1\tlocalhost\n::1\tlocalhost ip6-localhost ip6-loopback\nfe00::0\tip6-localnet\nff00::0\tip6-mcastprefix\nff02::1\tip6-allnodes\nff02::2\tip6-allrouters\n172.17.0.2\td6b0deef2e5c\n", 4096) = 174
20    read(4, "", 4096)                 = 0
20    socket(AF_INET, SOCK_DGRAM|SOCK_CLOEXEC|SOCK_NONBLOCK, IPPROTO_IP) = 4
20    connect(4, {sa_family=AF_INET, sin_port=htons(53), sin_addr=inet_addr("192.168.61.2")}, 16) = 0
20    sendto(4, "\325]\1\0\0\1\0\0\0\0\0\0\10attacker\7example\0\0\1\0\1", 34, MSG_NOSIGNAL, NULL, 0) = 34
20    recvfrom(4, "\325]\201\203\0\1\0\0\0\1\0\0\10attacker\7example\0\0\1\0\1\0\0\6\0\1\0\0\0\5\0@\1a\froot-servers\3net\0\5nstld\fverisign-grs\3com\0x\303\26\200\0\0\7\10\0\0\3\204\0\t:\200\0\1Q\200", 1024, 0, {sa_family=AF_INET, sin_port=htons(53), sin_addr=inet_addr("192.168.61.2")}, [28 => 16]) = 109
20    socket(AF_INET, SOCK_DGRAM|SOCK_CLOEXEC|SOCK_NONBLOCK, IPPROTO_IP) = 4
20    connect(4, {sa_family=AF_INET, sin_port=htons(53), sin_addr=inet_addr("192.168.61.2")}, 16) = 0
20    sendto(4, "W\3\1\0\0\1\0\0\0\0\0\0\10attacker\7example\vlocaldomain\0\0\1\0\1", 46, MSG_NOSIGNAL, NULL, 0) = 46
20    recvfrom(4, "W\3\204\3\0\1\0\0\0\0\0\0\10attacker\7example\vlocaldomain\0\0\1\0\1", 1024, 0, {sa_family=AF_INET, sin_port=htons(53), sin_addr=inet_addr("192.168.61.2")}, [28 => 16]) = 46
20    write(1, "Result: 2", 9)          = 9
20    write(1, "\n", 1)                 = 1
20    +++ exited with 0 +++
19    --- SIGCHLD {si_signo=SIGCHLD, si_code=CLD_EXITED, si_pid=20, si_uid=0, si_status=0, si_utime=5 /* 0.05 s */, si_stime=3 /* 0.03 s */} ---
19    +++ exited with 0 +++
